Name: Sam Johnson, Steven Yee
Date: 01/30/2014

sjohnso7@netlab09:/home3/sjohnso7/Documents/cpsc215/lab2$ java Tester
Inserting 16...
The set A = 16 
Inserting 11...
Inserting 23...
The set A = 16 11 23 
Inserting 11...
The set A = 16 11 23 
A.contains(23) = true
Removing 11...
The set A = 16 23 
A.contains(11) = false
Inserting 19...
Inserting 18...
Inserting 17...
Inserting 16...
Inserting 15...
Inserting 14...
Inserting 13...
Inserting 12...
Inserting 11...
Inserting 10...
Inserting 9...
Inserting 8...
Inserting 7...
Inserting 6...
Inserting 5...
Inserting 4...
Inserting 3...
Inserting 2...
Inserting 1...
Inserting 0...
Removing 18...
Inserting 55...
The set B = 19 17 16 15 14 13 12 11 10 9 8 7 6 5 4 3 2 1 0 55 
Sorting...
The set B = 0 1 2 3 4 5 6 7 8 9 10 11 12 13 14 15 16 17 19 55 

