Name: Sam Johnson Adam Krog
Date: 02/06/2014


sjohnso7@netlab02:/home3/sjohnso7/Desktop/lab3pt2$ java Tester
Inserting BOS...
The set A = { BOS }
Inserting JFK...
Inserting BDL...
The set A = { BDL, BOS, JFK }
Inserting BOS..., but BOS already exists.
The set A = { BDL, BOS, JFK }
A.contains("JFK") = true
Removing BOS...
The set A = { BDL, JFK }
A.contains("BOS") = false
Inserting P...
Inserting V...
Inserting T...
Inserting L...
Inserting R...
Inserting P..., but P already exists.
Inserting V..., but V already exists.
Inserting X...
Inserting Y...
Inserting H...
Inserting U...
Inserting B...
Inserting Q...
Inserting C...
Inserting D...
Inserting N...
Inserting K...
Inserting M...
Inserting F...
Inserting R..., but R already exists.
Inserting Q..., but Q already exists.
Inserting J...
Inserting R..., but R already exists.
Inserting P..., but P already exists.
Inserting N..., but N already exists.
Inserting S...
The set B = { B, C, D, F, H, J, K, L, M, N, P, Q, R, S, T, U, V, X, Y }
Removing K...
Inserting T..., but T already exists.
The set B = { B, C, D, F, H, J, L, M, N, P, Q, R, S, T, U, V, X, Y }

